<?xml version="1.0" encoding="UTF-8"?>
<!-- Generated by org.testng.reporters.JUnitXMLReporter -->
<testsuite ignored="0" hostname="QT-INBG-LT0475" failures="0" tests="7" name="Default test" time="30.581" errors="0" timestamp="2022-08-03T23:26:04 IST">
  <testcase classname="Test.Mobiletest" name="testsignup" time="1.657"/>
  <testcase classname="Test.Mobiletest" name="testlogin" time="0.64"/>
  <testcase classname="Test.Mobiletest" name="testlogin" time="0.583"/>
  <testcase classname="Test.Mobiletest" name="testlogin" time="0.591"/>
  <testcase classname="Test.Mobiletest" name="testlogin" time="0.732"/>
  <testcase classname="Test.Mobiletest" name="order" time="1.582"/>
  <testcase classname="Test.Mobiletest" name="contactus" time="2.028"/>
</testsuite> <!-- Default test -->
