<?xml version="1.0" encoding="UTF-8"?>
<!-- Generated by org.testng.reporters.JUnitXMLReporter -->
<testsuite ignored="0" hostname="QT-INBG-LT0475" failures="0" tests="4" name="Default test" time="21.256" errors="0" timestamp="2022-08-02T18:54:30 IST">
  <testcase classname="Test.Mobile" name="Order" time="2.313"/>
  <testcase classname="Test.Mobile" name="SignUp" time="1.765"/>
  <testcase classname="Test.Mobile" name="contactus" time="1.983"/>
  <testcase classname="Test.Mobile" name="signin" time="0.486"/>
</testsuite> <!-- Default test -->
