<?xml version="1.0" encoding="UTF-8"?>
<testng-results ignored="0" total="8" passed="7" failed="1" skipped="0">
  <reporter-output>
  </reporter-output>
  <suite started-at="2022-08-01T21:02:57 IST" name="Default suite" finished-at="2022-08-01T21:03:38 IST" duration-ms="41221">
    <groups>
    </groups>
    <test started-at="2022-08-01T21:02:57 IST" name="Default test" finished-at="2022-08-01T21:03:38 IST" duration-ms="41221">
      <class name="Test.Mobile">
        <test-method is-config="true" signature="open()[pri:0, instance:Test.Mobile@67f639d3]" started-at="2022-08-01T21:02:57 IST" name="open" finished-at="2022-08-01T21:03:04 IST" duration-ms="7820" status="PASS">
          <reporter-output>
          </reporter-output>
        </test-method> <!-- open -->
        <test-method signature="SignUp()[pri:0, instance:Test.Mobile@67f639d3]" started-at="2022-08-01T21:03:04 IST" name="SignUp" finished-at="2022-08-01T21:03:06 IST" duration-ms="2073" status="PASS">
          <reporter-output>
          </reporter-output>
        </test-method> <!-- SignUp -->
        <test-method is-config="true" signature="close()[pri:0, instance:Test.Mobile@67f639d3]" started-at="2022-08-01T21:03:06 IST" name="close" finished-at="2022-08-01T21:03:07 IST" duration-ms="265" status="PASS">
          <reporter-output>
          </reporter-output>
        </test-method> <!-- close -->
        <test-method is-config="true" signature="open()[pri:0, instance:Test.Mobile@67f639d3]" started-at="2022-08-01T21:03:07 IST" name="open" finished-at="2022-08-01T21:03:09 IST" duration-ms="2781" status="PASS">
          <reporter-output>
          </reporter-output>
        </test-method> <!-- open -->
        <test-method signature="login(java.lang.String,java.lang.String)[pri:2, instance:Test.Mobile@67f639d3]" started-at="2022-08-01T21:03:09 IST" name="login" data-provider="getdata" finished-at="2022-08-01T21:03:10 IST" duration-ms="598" status="PASS">
          <params>
            <param index="0">
              <value>
                <![CDATA[gowtham@gamil.com]]>
              </value>
            </param>
            <param index="1">
              <value>
                <![CDATA[clear]]>
              </value>
            </param>
          </params>
          <reporter-output>
          </reporter-output>
        </test-method> <!-- login -->
        <test-method is-config="true" signature="close()[pri:0, instance:Test.Mobile@67f639d3]" started-at="2022-08-01T21:03:10 IST" name="close" finished-at="2022-08-01T21:03:10 IST" duration-ms="304" status="PASS">
          <reporter-output>
          </reporter-output>
        </test-method> <!-- close -->
        <test-method is-config="true" signature="open()[pri:0, instance:Test.Mobile@67f639d3]" started-at="2022-08-01T21:03:10 IST" name="open" finished-at="2022-08-01T21:03:13 IST" duration-ms="2987" status="PASS">
          <reporter-output>
          </reporter-output>
        </test-method> <!-- open -->
        <test-method signature="login(java.lang.String,java.lang.String)[pri:2, instance:Test.Mobile@67f639d3]" started-at="2022-08-01T21:03:13 IST" name="login" data-provider="getdata" finished-at="2022-08-01T21:03:14 IST" duration-ms="715" status="PASS">
          <params>
            <param index="0">
              <value>
                <![CDATA[chandan@gamil.com]]>
              </value>
            </param>
            <param index="1">
              <value>
                <![CDATA[Scientist]]>
              </value>
            </param>
          </params>
          <reporter-output>
          </reporter-output>
        </test-method> <!-- login -->
        <test-method is-config="true" signature="close()[pri:0, instance:Test.Mobile@67f639d3]" started-at="2022-08-01T21:03:14 IST" name="close" finished-at="2022-08-01T21:03:14 IST" duration-ms="250" status="PASS">
          <reporter-output>
          </reporter-output>
        </test-method> <!-- close -->
        <test-method is-config="true" signature="open()[pri:0, instance:Test.Mobile@67f639d3]" started-at="2022-08-01T21:03:14 IST" name="open" finished-at="2022-08-01T21:03:17 IST" duration-ms="3087" status="PASS">
          <reporter-output>
          </reporter-output>
        </test-method> <!-- open -->
        <test-method signature="login(java.lang.String,java.lang.String)[pri:2, instance:Test.Mobile@67f639d3]" started-at="2022-08-01T21:03:17 IST" name="login" data-provider="getdata" finished-at="2022-08-01T21:03:18 IST" duration-ms="880" status="PASS">
          <params>
            <param index="0">
              <value>
                <![CDATA[naveen@gamil.com]]>
              </value>
            </param>
            <param index="1">
              <value>
                <![CDATA[Ch]]>
              </value>
            </param>
          </params>
          <reporter-output>
          </reporter-output>
        </test-method> <!-- login -->
        <test-method is-config="true" signature="close()[pri:0, instance:Test.Mobile@67f639d3]" started-at="2022-08-01T21:03:18 IST" name="close" finished-at="2022-08-01T21:03:19 IST" duration-ms="223" status="PASS">
          <reporter-output>
          </reporter-output>
        </test-method> <!-- close -->
        <test-method is-config="true" signature="open()[pri:0, instance:Test.Mobile@67f639d3]" started-at="2022-08-01T21:03:19 IST" name="open" finished-at="2022-08-01T21:03:23 IST" duration-ms="4137" status="PASS">
          <reporter-output>
          </reporter-output>
        </test-method> <!-- open -->
        <test-method signature="login(java.lang.String,java.lang.String)[pri:2, instance:Test.Mobile@67f639d3]" started-at="2022-08-01T21:03:23 IST" name="login" data-provider="getdata" finished-at="2022-08-01T21:03:23 IST" duration-ms="689" status="PASS">
          <params>
            <param index="0">
              <value>
                <![CDATA[reddy@gamil.com]]>
              </value>
            </param>
            <param index="1">
              <value>
                <![CDATA[reddy]]>
              </value>
            </param>
          </params>
          <reporter-output>
          </reporter-output>
        </test-method> <!-- login -->
        <test-method is-config="true" signature="close()[pri:0, instance:Test.Mobile@67f639d3]" started-at="2022-08-01T21:03:23 IST" name="close" finished-at="2022-08-01T21:03:24 IST" duration-ms="229" status="PASS">
          <reporter-output>
          </reporter-output>
        </test-method> <!-- close -->
        <test-method is-config="true" signature="open()[pri:0, instance:Test.Mobile@67f639d3]" started-at="2022-08-01T21:03:24 IST" name="open" finished-at="2022-08-01T21:03:27 IST" duration-ms="2913" status="PASS">
          <reporter-output>
          </reporter-output>
        </test-method> <!-- open -->
        <test-method signature="login(java.lang.String,java.lang.String)[pri:2, instance:Test.Mobile@67f639d3]" started-at="2022-08-01T21:03:27 IST" name="login" data-provider="getdata" finished-at="2022-08-01T21:03:27 IST" duration-ms="620" status="PASS">
          <params>
            <param index="0">
              <value>
                <![CDATA[murugesh@gamil.com]]>
              </value>
            </param>
            <param index="1">
              <value>
                <![CDATA[Phr]]>
              </value>
            </param>
          </params>
          <reporter-output>
          </reporter-output>
        </test-method> <!-- login -->
        <test-method is-config="true" signature="close()[pri:0, instance:Test.Mobile@67f639d3]" started-at="2022-08-01T21:03:27 IST" name="close" finished-at="2022-08-01T21:03:27 IST" duration-ms="235" status="PASS">
          <reporter-output>
          </reporter-output>
        </test-method> <!-- close -->
        <test-method is-config="true" signature="open()[pri:0, instance:Test.Mobile@67f639d3]" started-at="2022-08-01T21:03:27 IST" name="open" finished-at="2022-08-01T21:03:30 IST" duration-ms="3097" status="PASS">
          <reporter-output>
          </reporter-output>
        </test-method> <!-- open -->
        <test-method signature="Order()[pri:3, instance:Test.Mobile@67f639d3]" started-at="2022-08-01T21:03:30 IST" name="Order" finished-at="2022-08-01T21:03:32 IST" duration-ms="1652" status="FAIL">
          <exception class="org.openqa.selenium.ElementNotInteractableException">
            <message>
              <![CDATA[element not interactable
  (Session info: chrome=103.0.5060.134)
Build info: version: '4.2.1', revision: 'ac4d0fdd4a'
System info: host: 'QT-INBG-LT0475', ip: '10.20.50.51', os.name: 'Windows 10', os.arch: 'amd64', os.version: '10.0', java.version: '17.0.3'
Driver info: org.openqa.selenium.chrome.ChromeDriver
Command: [08e7c12871027f4d5f1646cd8b1995b6, clickElement {id=a88731cb-b0b0-4fe2-9819-8135c03b38d6}]
Capabilities {acceptInsecureCerts: false, browserName: chrome, browserVersion: 103.0.5060.134, chrome: {chromedriverVersion: 103.0.5060.134 (8ec6fce403b..., userDataDir: C:\Users\EDWIN~1.KAT\AppDat...}, goog:chromeOptions: {debuggerAddress: localhost:58903}, networkConnectionEnabled: false, pageLoadStrategy: normal, platformName: WINDOWS, proxy: Proxy(), se:cdp: ws://localhost:58903/devtoo..., se:cdpVersion: 103.0.5060.134, setWindowRect: true, strictFileInteractability: false, timeouts: {implicit: 0, pageLoad: 300000, script: 30000}, unhandledPromptBehavior: dismiss and notify, webauthn:extension:credBlob: true, webauthn:extension:largeBlob: true, webauthn:virtualAuthenticators: true}
Element: [[ChromeDriver: chrome on WINDOWS (08e7c12871027f4d5f1646cd8b1995b6)] -> xpath: //a[contains(.,'Clo')]]
Session ID: 08e7c12871027f4d5f1646cd8b1995b6]]>
            </message>
            <full-stacktrace>
              <![CDATA[org.openqa.selenium.ElementNotInteractableException: element not interactable
  (Session info: chrome=103.0.5060.134)
Build info: version: '4.2.1', revision: 'ac4d0fdd4a'
System info: host: 'QT-INBG-LT0475', ip: '10.20.50.51', os.name: 'Windows 10', os.arch: 'amd64', os.version: '10.0', java.version: '17.0.3'
Driver info: org.openqa.selenium.chrome.ChromeDriver
Command: [08e7c12871027f4d5f1646cd8b1995b6, clickElement {id=a88731cb-b0b0-4fe2-9819-8135c03b38d6}]
Capabilities {acceptInsecureCerts: false, browserName: chrome, browserVersion: 103.0.5060.134, chrome: {chromedriverVersion: 103.0.5060.134 (8ec6fce403b..., userDataDir: C:\Users\EDWIN~1.KAT\AppDat...}, goog:chromeOptions: {debuggerAddress: localhost:58903}, networkConnectionEnabled: false, pageLoadStrategy: normal, platformName: WINDOWS, proxy: Proxy(), se:cdp: ws://localhost:58903/devtoo..., se:cdpVersion: 103.0.5060.134, setWindowRect: true, strictFileInteractability: false, timeouts: {implicit: 0, pageLoad: 300000, script: 30000}, unhandledPromptBehavior: dismiss and notify, webauthn:extension:credBlob: true, webauthn:extension:largeBlob: true, webauthn:virtualAuthenticators: true}
Element: [[ChromeDriver: chrome on WINDOWS (08e7c12871027f4d5f1646cd8b1995b6)] -> xpath: //a[contains(.,'Clo')]]
Session ID: 08e7c12871027f4d5f1646cd8b1995b6
at java.base/jdk.internal.reflect.NativeConstructorAccessorImpl.newInstance0(Native Method)
at java.base/jdk.internal.reflect.NativeConstructorAccessorImpl.newInstance(NativeConstructorAccessorImpl.java:77)
at java.base/jdk.internal.reflect.DelegatingConstructorAccessorImpl.newInstance(DelegatingConstructorAccessorImpl.java:45)
at java.base/java.lang.reflect.Constructor.newInstanceWithCaller(Constructor.java:499)
at java.base/java.lang.reflect.Constructor.newInstance(Constructor.java:480)
at org.openqa.selenium.remote.codec.w3c.W3CHttpResponseCodec.createException(W3CHttpResponseCodec.java:200)
at org.openqa.selenium.remote.codec.w3c.W3CHttpResponseCodec.decode(W3CHttpResponseCodec.java:133)
at org.openqa.selenium.remote.codec.w3c.W3CHttpResponseCodec.decode(W3CHttpResponseCodec.java:53)
at org.openqa.selenium.remote.HttpCommandExecutor.execute(HttpCommandExecutor.java:184)
at org.openqa.selenium.remote.service.DriverCommandExecutor.invokeExecute(DriverCommandExecutor.java:167)
at org.openqa.selenium.remote.service.DriverCommandExecutor.execute(DriverCommandExecutor.java:142)
at org.openqa.selenium.remote.RemoteWebDriver.execute(RemoteWebDriver.java:551)
at org.openqa.selenium.remote.RemoteWebElement.execute(RemoteWebElement.java:257)
at org.openqa.selenium.remote.RemoteWebElement.click(RemoteWebElement.java:78)
at Test.Mobile.Order(Mobile.java:107)
at java.base/jdk.internal.reflect.NativeMethodAccessorImpl.invoke0(Native Method)
at java.base/jdk.internal.reflect.NativeMethodAccessorImpl.invoke(NativeMethodAccessorImpl.java:77)
at java.base/jdk.internal.reflect.DelegatingMethodAccessorImpl.invoke(DelegatingMethodAccessorImpl.java:43)
at java.base/java.lang.reflect.Method.invoke(Method.java:568)
at org.testng.internal.invokers.MethodInvocationHelper.invokeMethod(MethodInvocationHelper.java:135)
at org.testng.internal.invokers.TestInvoker.invokeMethod(TestInvoker.java:673)
at org.testng.internal.invokers.TestInvoker.invokeTestMethod(TestInvoker.java:220)
at org.testng.internal.invokers.MethodRunner.runInSequence(MethodRunner.java:50)
at org.testng.internal.invokers.TestInvoker$MethodInvocationAgent.invoke(TestInvoker.java:945)
at org.testng.internal.invokers.TestInvoker.invokeTestMethods(TestInvoker.java:193)
at org.testng.internal.invokers.TestMethodWorker.invokeTestMethods(TestMethodWorker.java:146)
at org.testng.internal.invokers.TestMethodWorker.run(TestMethodWorker.java:128)
at java.base/java.util.ArrayList.forEach(ArrayList.java:1511)
at org.testng.TestRunner.privateRun(TestRunner.java:808)
at org.testng.TestRunner.run(TestRunner.java:603)
at org.testng.SuiteRunner.runTest(SuiteRunner.java:429)
at org.testng.SuiteRunner.runSequentially(SuiteRunner.java:423)
at org.testng.SuiteRunner.privateRun(SuiteRunner.java:383)
at org.testng.SuiteRunner.run(SuiteRunner.java:326)
at org.testng.SuiteRunnerWorker.runSuite(SuiteRunnerWorker.java:52)
at org.testng.SuiteRunnerWorker.run(SuiteRunnerWorker.java:95)
at org.testng.TestNG.runSuitesSequentially(TestNG.java:1249)
at org.testng.TestNG.runSuitesLocally(TestNG.java:1169)
at org.testng.TestNG.runSuites(TestNG.java:1092)
at org.testng.TestNG.run(TestNG.java:1060)
at org.testng.remote.AbstractRemoteTestNG.run(AbstractRemoteTestNG.java:115)
at org.testng.remote.RemoteTestNG.initAndRun(RemoteTestNG.java:251)
at org.testng.remote.RemoteTestNG.main(RemoteTestNG.java:77)
]]>
            </full-stacktrace>
          </exception> <!-- org.openqa.selenium.ElementNotInteractableException -->
          <reporter-output>
          </reporter-output>
        </test-method> <!-- Order -->
        <test-method is-config="true" signature="close()[pri:0, instance:Test.Mobile@67f639d3]" started-at="2022-08-01T21:03:32 IST" name="close" finished-at="2022-08-01T21:03:32 IST" duration-ms="243" status="PASS">
          <reporter-output>
          </reporter-output>
        </test-method> <!-- close -->
        <test-method is-config="true" signature="open()[pri:0, instance:Test.Mobile@67f639d3]" started-at="2022-08-01T21:03:32 IST" name="open" finished-at="2022-08-01T21:03:36 IST" duration-ms="3396" status="PASS">
          <reporter-output>
          </reporter-output>
        </test-method> <!-- open -->
        <test-method signature="contactus()[pri:4, instance:Test.Mobile@67f639d3]" started-at="2022-08-01T21:03:36 IST" name="contactus" finished-at="2022-08-01T21:03:37 IST" duration-ms="1666" status="PASS">
          <reporter-output>
          </reporter-output>
        </test-method> <!-- contactus -->
        <test-method is-config="true" signature="close()[pri:0, instance:Test.Mobile@67f639d3]" started-at="2022-08-01T21:03:37 IST" name="close" finished-at="2022-08-01T21:03:38 IST" duration-ms="290" status="PASS">
          <reporter-output>
          </reporter-output>
        </test-method> <!-- close -->
      </class> <!-- Test.Mobile -->
    </test> <!-- Default test -->
  </suite> <!-- Default suite -->
</testng-results>
