<?xml version="1.0" encoding="UTF-8"?>
<testng-results ignored="0" total="7" passed="7" failed="0" skipped="0">
  <reporter-output>
  </reporter-output>
  <suite started-at="2022-08-03T23:25:33 IST" name="Default suite" finished-at="2022-08-03T23:26:04 IST" duration-ms="30581">
    <groups>
    </groups>
    <test started-at="2022-08-03T23:25:33 IST" name="Default test" finished-at="2022-08-03T23:26:04 IST" duration-ms="30581">
      <class name="Test.Mobiletest">
        <test-method is-config="true" signature="open()[pri:0, instance:Test.Mobiletest@12aba8be]" started-at="2022-08-03T23:25:34 IST" name="open" finished-at="2022-08-03T23:25:38 IST" duration-ms="4531" status="PASS">
          <reporter-output>
          </reporter-output>
        </test-method> <!-- open -->
        <test-method signature="testsignup()[pri:1, instance:Test.Mobiletest@12aba8be]" started-at="2022-08-03T23:25:38 IST" name="testsignup" finished-at="2022-08-03T23:25:40 IST" duration-ms="1657" status="PASS">
          <reporter-output>
          </reporter-output>
        </test-method> <!-- testsignup -->
        <test-method is-config="true" signature="close()[pri:0, instance:Test.Mobiletest@12aba8be]" started-at="2022-08-03T23:25:40 IST" name="close" finished-at="2022-08-03T23:25:40 IST" duration-ms="269" status="PASS">
          <reporter-output>
          </reporter-output>
        </test-method> <!-- close -->
        <test-method is-config="true" signature="open()[pri:0, instance:Test.Mobiletest@12aba8be]" started-at="2022-08-03T23:25:40 IST" name="open" finished-at="2022-08-03T23:25:43 IST" duration-ms="2916" status="PASS">
          <reporter-output>
          </reporter-output>
        </test-method> <!-- open -->
        <test-method signature="testlogin(java.lang.String,java.lang.String)[pri:2, instance:Test.Mobiletest@12aba8be]" started-at="2022-08-03T23:25:43 IST" name="testlogin" data-provider="getdata" finished-at="2022-08-03T23:25:44 IST" duration-ms="640" status="PASS">
          <params>
            <param index="0">
              <value>
                <![CDATA[edwindixon1@gmail.com]]>
              </value>
            </param>
            <param index="1">
              <value>
                <![CDATA[Edwin@!123]]>
              </value>
            </param>
          </params>
          <reporter-output>
          </reporter-output>
        </test-method> <!-- testlogin -->
        <test-method is-config="true" signature="close()[pri:0, instance:Test.Mobiletest@12aba8be]" started-at="2022-08-03T23:25:44 IST" name="close" finished-at="2022-08-03T23:25:44 IST" duration-ms="250" status="PASS">
          <reporter-output>
          </reporter-output>
        </test-method> <!-- close -->
        <test-method is-config="true" signature="open()[pri:0, instance:Test.Mobiletest@12aba8be]" started-at="2022-08-03T23:25:44 IST" name="open" finished-at="2022-08-03T23:25:47 IST" duration-ms="2769" status="PASS">
          <reporter-output>
          </reporter-output>
        </test-method> <!-- open -->
        <test-method signature="testlogin(java.lang.String,java.lang.String)[pri:2, instance:Test.Mobiletest@12aba8be]" started-at="2022-08-03T23:25:47 IST" name="testlogin" data-provider="getdata" finished-at="2022-08-03T23:25:47 IST" duration-ms="583" status="PASS">
          <params>
            <param index="0">
              <value>
                <![CDATA[edwindixon1@gmail.com]]>
              </value>
            </param>
            <param index="1">
              <value>
                <![CDATA[Ed]]>
              </value>
            </param>
          </params>
          <reporter-output>
          </reporter-output>
        </test-method> <!-- testlogin -->
        <test-method is-config="true" signature="close()[pri:0, instance:Test.Mobiletest@12aba8be]" started-at="2022-08-03T23:25:47 IST" name="close" finished-at="2022-08-03T23:25:47 IST" duration-ms="248" status="PASS">
          <reporter-output>
          </reporter-output>
        </test-method> <!-- close -->
        <test-method is-config="true" signature="open()[pri:0, instance:Test.Mobiletest@12aba8be]" started-at="2022-08-03T23:25:47 IST" name="open" finished-at="2022-08-03T23:25:50 IST" duration-ms="2721" status="PASS">
          <reporter-output>
          </reporter-output>
        </test-method> <!-- open -->
        <test-method signature="testlogin(java.lang.String,java.lang.String)[pri:2, instance:Test.Mobiletest@12aba8be]" started-at="2022-08-03T23:25:50 IST" name="testlogin" data-provider="getdata" finished-at="2022-08-03T23:25:51 IST" duration-ms="591" status="PASS">
          <params>
            <param index="0">
              <value>
                <![CDATA[edwin@ghml]]>
              </value>
            </param>
            <param index="1">
              <value>
                <![CDATA[Edwin@!123]]>
              </value>
            </param>
          </params>
          <reporter-output>
          </reporter-output>
        </test-method> <!-- testlogin -->
        <test-method is-config="true" signature="close()[pri:0, instance:Test.Mobiletest@12aba8be]" started-at="2022-08-03T23:25:51 IST" name="close" finished-at="2022-08-03T23:25:51 IST" duration-ms="242" status="PASS">
          <reporter-output>
          </reporter-output>
        </test-method> <!-- close -->
        <test-method is-config="true" signature="open()[pri:0, instance:Test.Mobiletest@12aba8be]" started-at="2022-08-03T23:25:51 IST" name="open" finished-at="2022-08-03T23:25:54 IST" duration-ms="2681" status="PASS">
          <reporter-output>
          </reporter-output>
        </test-method> <!-- open -->
        <test-method signature="testlogin(java.lang.String,java.lang.String)[pri:2, instance:Test.Mobiletest@12aba8be]" started-at="2022-08-03T23:25:54 IST" name="testlogin" data-provider="getdata" finished-at="2022-08-03T23:25:54 IST" duration-ms="732" status="PASS">
          <params>
            <param index="0">
              <value>
                <![CDATA[edwin@sdf]]>
              </value>
            </param>
            <param index="1">
              <value>
                <![CDATA[edjj]]>
              </value>
            </param>
          </params>
          <reporter-output>
          </reporter-output>
        </test-method> <!-- testlogin -->
        <test-method is-config="true" signature="close()[pri:0, instance:Test.Mobiletest@12aba8be]" started-at="2022-08-03T23:25:54 IST" name="close" finished-at="2022-08-03T23:25:55 IST" duration-ms="242" status="PASS">
          <reporter-output>
          </reporter-output>
        </test-method> <!-- close -->
        <test-method is-config="true" signature="open()[pri:0, instance:Test.Mobiletest@12aba8be]" started-at="2022-08-03T23:25:55 IST" name="open" finished-at="2022-08-03T23:25:57 IST" duration-ms="2717" status="PASS">
          <reporter-output>
          </reporter-output>
        </test-method> <!-- open -->
        <test-method signature="order()[pri:3, instance:Test.Mobiletest@12aba8be]" started-at="2022-08-03T23:25:57 IST" name="order" finished-at="2022-08-03T23:25:59 IST" duration-ms="1582" status="PASS">
          <reporter-output>
          </reporter-output>
        </test-method> <!-- order -->
        <test-method is-config="true" signature="close()[pri:0, instance:Test.Mobiletest@12aba8be]" started-at="2022-08-03T23:25:59 IST" name="close" finished-at="2022-08-03T23:25:59 IST" duration-ms="261" status="PASS">
          <reporter-output>
          </reporter-output>
        </test-method> <!-- close -->
        <test-method is-config="true" signature="open()[pri:0, instance:Test.Mobiletest@12aba8be]" started-at="2022-08-03T23:25:59 IST" name="open" finished-at="2022-08-03T23:26:02 IST" duration-ms="2574" status="PASS">
          <reporter-output>
          </reporter-output>
        </test-method> <!-- open -->
        <test-method signature="contactus()[pri:4, instance:Test.Mobiletest@12aba8be]" started-at="2022-08-03T23:26:02 IST" name="contactus" finished-at="2022-08-03T23:26:04 IST" duration-ms="2028" status="PASS">
          <reporter-output>
          </reporter-output>
        </test-method> <!-- contactus -->
        <test-method is-config="true" signature="close()[pri:0, instance:Test.Mobiletest@12aba8be]" started-at="2022-08-03T23:26:04 IST" name="close" finished-at="2022-08-03T23:26:04 IST" duration-ms="271" status="PASS">
          <reporter-output>
          </reporter-output>
        </test-method> <!-- close -->
      </class> <!-- Test.Mobiletest -->
    </test> <!-- Default test -->
  </suite> <!-- Default suite -->
</testng-results>
